[debug] [2019-02-06T11:09:50.292Z] ----------------------------------------------------------------------
[debug] [2019-02-06T11:09:50.294Z] Command:       C:\Program Files\nodejs\node.exe C:\Users\Administrator\AppData\Roaming\npm\node_modules\firebase-tools\lib\bin\firebase.js deploy
[debug] [2019-02-06T11:09:50.294Z] CLI Version:   6.3.1
[debug] [2019-02-06T11:09:50.294Z] Platform:      win32
[debug] [2019-02-06T11:09:50.294Z] Node Version:  v10.15.0
[debug] [2019-02-06T11:09:50.295Z] Time:          Wed Feb 06 2019 13:09:50 GMT+0200 (South Africa Standard Time)
[debug] [2019-02-06T11:09:50.295Z] ----------------------------------------------------------------------
[debug] 
[debug] [2019-02-06T11:09:50.305Z] > command requires scopes: ["email","openid","https://www.googleapis.com/auth/cloudplatformprojects.readonly","https://www.googleapis.com/auth/firebase","https://www.googleapis.com/auth/cloud-platform"]
[debug] [2019-02-06T11:09:50.305Z] > authorizing via signed-in user
[debug] [2019-02-06T11:09:50.306Z] [iam] checking project fuelapp-6050c for permissions ["firebase.projects.get","firebasehosting.sites.update"]
[debug] [2019-02-06T11:09:50.307Z] >>> HTTP REQUEST POST https://cloudresourcemanager.googleapis.com/v1/projects/fuelapp-6050c:testIamPermissions  

[debug] [2019-02-06T11:09:52.194Z] <<< HTTP RESPONSE 200
[debug] [2019-02-06T11:09:52.198Z] >>> HTTP REQUEST GET https://firebase.googleapis.com/v1beta1/projects/fuelapp-6050c  
 
[debug] [2019-02-06T11:09:52.778Z] <<< HTTP RESPONSE 200
[info] 
[info] === Deploying to 'fuelapp-6050c'...
[info] 
[info] i  deploying hosting
[debug] [2019-02-06T11:09:52.784Z] >>> HTTP REQUEST POST https://firebasehosting.googleapis.com/v1beta1/sites/fuelapp-6050c/versions  

[debug] [2019-02-06T11:09:54.710Z] <<< HTTP RESPONSE 500
[debug] [2019-02-06T11:09:54.711Z] <<< HTTP RESPONSE BODY
[error] 
[error] Error: HTTP Error: 500, Internal error encountered.
[debug] [2019-02-06T11:09:55.201Z] Error Context: {
  "body": {
    "error": {
      "code": 500,
      "message": "Internal error encountered.",
      "status": "INTERNAL"
    }
  },
  "response": {
    "statusCode": 500,
    "body": {
      "error": {
        "code": 500,
        "message": "Internal error encountered.",
        "status": "INTERNAL"
      }
    },
    "headers": {
      "vary": "X-Origin, Referer, Origin,Accept-Encoding",
      "content-type": "application/json; charset=UTF-8",
      "date": "Wed, 06 Feb 2019 11:09:53 GMT",
      "server": "ESF",
      "cache-control": "private",
      "x-xss-protection": "1; mode=block",
      "x-frame-options": "SAMEORIGIN",
      "x-content-type-options": "nosniff",
      "alt-svc": "quic=\":443\"; ma=2592000; v=\"44,43,39\"",
      "accept-ranges": "none",
      "transfer-encoding": "chunked"
    },
    "request": {
      "uri": {
        "protocol": "https:",
        "slashes": true,
        "auth": null,
        "host": "firebasehosting.googleapis.com",
        "port": 443,
        "hostname": "firebasehosting.googleapis.com",
        "hash": null,
        "search": null,
        "query": null,
        "pathname": "/v1beta1/sites/fuelapp-6050c/versions",
        "path": "/v1beta1/sites/fuelapp-6050c/versions",
        "href": "https://firebasehosting.googleapis.com/v1beta1/sites/fuelapp-6050c/versions"
      },
      "method": "POST"
    }
  }
}
[debug] [2019-02-06T11:10:21.272Z] ----------------------------------------------------------------------
[debug] [2019-02-06T11:10:21.274Z] Command:       C:\Program Files\nodejs\node.exe C:\Users\Administrator\AppData\Roaming\npm\node_modules\firebase-tools\lib\bin\firebase.js deploy
[debug] [2019-02-06T11:10:21.274Z] CLI Version:   6.3.1
[debug] [2019-02-06T11:10:21.274Z] Platform:      win32
[debug] [2019-02-06T11:10:21.274Z] Node Version:  v10.15.0
[debug] [2019-02-06T11:10:21.275Z] Time:          Wed Feb 06 2019 13:10:21 GMT+0200 (South Africa Standard Time)
[debug] [2019-02-06T11:10:21.275Z] ----------------------------------------------------------------------
[debug] 
[debug] [2019-02-06T11:10:21.285Z] > command requires scopes: ["email","openid","https://www.googleapis.com/auth/cloudplatformprojects.readonly","https://www.googleapis.com/auth/firebase","https://www.googleapis.com/auth/cloud-platform"]
[debug] [2019-02-06T11:10:21.286Z] > authorizing via signed-in user
[debug] [2019-02-06T11:10:21.286Z] [iam] checking project fuelapp-6050c for permissions ["firebase.projects.get","firebasehosting.sites.update"]
[debug] [2019-02-06T11:10:21.287Z] >>> HTTP REQUEST POST https://cloudresourcemanager.googleapis.com/v1/projects/fuelapp-6050c:testIamPermissions  

[debug] [2019-02-06T11:10:23.167Z] <<< HTTP RESPONSE 200
[debug] [2019-02-06T11:10:23.174Z] >>> HTTP REQUEST GET https://firebase.googleapis.com/v1beta1/projects/fuelapp-6050c  
 
[debug] [2019-02-06T11:10:23.796Z] <<< HTTP RESPONSE 200
[info] 
[info] === Deploying to 'fuelapp-6050c'...
[info] 
[info] i  deploying hosting
[debug] [2019-02-06T11:10:23.802Z] >>> HTTP REQUEST POST https://firebasehosting.googleapis.com/v1beta1/sites/fuelapp-6050c/versions  

[debug] [2019-02-06T11:10:25.741Z] <<< HTTP RESPONSE 500
[debug] [2019-02-06T11:10:25.742Z] <<< HTTP RESPONSE BODY
[error] 
[error] Error: HTTP Error: 500, Internal error encountered.
[debug] [2019-02-06T11:10:26.234Z] Error Context: {
  "body": {
    "error": {
      "code": 500,
      "message": "Internal error encountered.",
      "status": "INTERNAL"
    }
  },
  "response": {
    "statusCode": 500,
    "body": {
      "error": {
        "code": 500,
        "message": "Internal error encountered.",
        "status": "INTERNAL"
      }
    },
    "headers": {
      "vary": "X-Origin, Referer, Origin,Accept-Encoding",
      "content-type": "application/json; charset=UTF-8",
      "date": "Wed, 06 Feb 2019 11:10:24 GMT",
      "server": "ESF",
      "cache-control": "private",
      "x-xss-protection": "1; mode=block",
      "x-frame-options": "SAMEORIGIN",
      "x-content-type-options": "nosniff",
      "alt-svc": "quic=\":443\"; ma=2592000; v=\"44,43,39\"",
      "accept-ranges": "none",
      "transfer-encoding": "chunked"
    },
    "request": {
      "uri": {
        "protocol": "https:",
        "slashes": true,
        "auth": null,
        "host": "firebasehosting.googleapis.com",
        "port": 443,
        "hostname": "firebasehosting.googleapis.com",
        "hash": null,
        "search": null,
        "query": null,
        "pathname": "/v1beta1/sites/fuelapp-6050c/versions",
        "path": "/v1beta1/sites/fuelapp-6050c/versions",
        "href": "https://firebasehosting.googleapis.com/v1beta1/sites/fuelapp-6050c/versions"
      },
      "method": "POST"
    }
  }
}
